Arguments: 
  /Users/leo/.nvm/versions/node/v14.18.0/bin/node /usr/local/Cellar/yarn/1.22.15/libexec/bin/yarn.js add ws

PATH: 
  /usr/local/lib/ruby/gems/2.6.0/bin:/Users/leo/.pyenv/plugins/pyenv-virtualenv/shims:~/.pyenv/bin:/Users/leo/.pyenv/plugins/pyenv-virtualenv/shims:/usr/local/opt/ruby/bin:/usr/local/opt/mysql@5.7/bin:/Users/leo/.nvm/versions/node/v14.18.0/bin:/usr/local/bin:/usr/local/sbin:/usr/local/bin:/usr/bin:/bin:/usr/sbin:/sbin:/Applications/VMware Fusion.app/Contents/Public:/Applications/Wireshark.app/Contents/MacOS:/usr/local/lib/ruby/gems/2.6.0/bin:/Users/leo/.pyenv/plugins/pyenv-virtualenv/shims:~/.pyenv/bin:/usr/local/opt/ruby/bin:/usr/local/opt/mysql@5.7/bin:/Users/leo/.nvm/versions/node/v14.18.0/bin:/usr/local/sbin:/Users/leo/.cargo/bin

Yarn version: 
  1.22.15

Node version: 
  14.18.0

Platform: 
  darwin x64

Trace: 
  Error: getaddrinfo ENOTFOUND npm.xyb2b.com.cn
      at GetAddrInfoReqWrap.onlookup [as oncomplete] (dns.js:71:26)

npm manifest: 
  {
    "name": "web-socket-service",
    "version": "1.0.0",
    "main": "index.js",
    "license": "MIT",
    "dependencies": {
      "nodejs-websocket": "^1.7.2"
    }
  }

yarn manifest: 
  No manifest

Lockfile: 
  # THIS IS AN AUTOGENERATED FILE. DO NOT EDIT THIS FILE DIRECTLY.
  # yarn lockfile v1
  
  
  nodejs-websocket@^1.7.2:
    version "1.7.2"
    resolved "http://npm.xyb2b.com.cn/nodejs-websocket/-/nodejs-websocket-1.7.2.tgz#94abd1e248f57d4d1c663dec3831015c6dad98a6"
    integrity sha1-lKvR4kj1fU0cZj3sODEBXG2tmKY=
